<?xml version="1.0" encoding="UTF-8"?>
<!-- Generated by org.testng.reporters.JUnitReportReporter -->
<testsuite hostname="Madhukar" failures="0" tests="1" name="testCases.TC002_Account" time="6.068" errors="0" timestamp="2025-06-05T06:02:23 IST" skipped="0">
  <testcase classname="testCases.TC002_Account" name="verify_account_registration" time="6.068"/>
</testsuite> <!-- testCases.TC002_Account -->
