<?xml version="1.0" encoding="UTF-8"?>
<!-- Generated by org.testng.reporters.JUnitReportReporter -->
<testsuite hostname="Madhukar" failures="0" tests="1" name="testCases.TC001_AccountRegistrationTest" time="2.855" errors="0" timestamp="2025-06-09T06:39:05 IST" skipped="0">
  <testcase classname="testCases.TC001_AccountRegistrationTest" name="verify_account_registration" time="2.855"/>
</testsuite> <!-- testCases.TC001_AccountRegistrationTest -->
