<?xml version="1.0" encoding="UTF-8"?>
<!-- Generated by org.testng.reporters.JUnitReportReporter -->
<testsuite hostname="Madhukar" failures="0" tests="2" name="testCases.TC001_AccountRegistrationTest" time="8.519" errors="0" timestamp="2025-06-08T19:48:24 IST" skipped="0">
  <testcase classname="testCases.TC001_AccountRegistrationTest" name="verify_account_registration" time="4.896"/>
  <testcase classname="testCases.TC001_AccountRegistrationTest" name="verify_account_registration" time="3.623"/>
</testsuite> <!-- testCases.TC001_AccountRegistrationTest -->
