<?xml version="1.0" encoding="UTF-8"?>
<!-- Generated by org.testng.reporters.JUnitReportReporter -->
<testsuite hostname="Madhukar" failures="0" tests="1" name="testCases.TC004_SearchProductTest" time="0.768" errors="0" timestamp="2025-06-10T08:56:12 IST" skipped="0">
  <testcase classname="testCases.TC004_SearchProductTest" name="verify_pruductSearch" time="0.768"/>
</testsuite> <!-- testCases.TC004_SearchProductTest -->
